cl : command line  warning D9035: option 'Gm' has been deprecated and will be removed in a future release
  example1.cpp
C:\Users\Trinh Toi - HaUI\Documents\HaUI Learning\ĐHMT\New folder\KTRA\Linh_TranThiKhanh_2020602060\ChongChong_Klinh\GLSLExperiment\mat.h(581,5): warning C4566: character represented by universal-character-name '\u0110' cannot be represented in the current code page (1252)
C:\Users\Trinh Toi - HaUI\Documents\HaUI Learning\ĐHMT\New folder\KTRA\Linh_TranThiKhanh_2020602060\ChongChong_Klinh\GLSLExperiment\mat.h(770,5): warning C4566: character represented by universal-character-name '\u0110' cannot be represented in the current code page (1252)
C:\Users\Trinh Toi - HaUI\Documents\HaUI Learning\ĐHMT\New folder\KTRA\Linh_TranThiKhanh_2020602060\ChongChong_Klinh\GLSLExperiment\mat.h(777,5): warning C4566: character represented by universal-character-name '\u0110' cannot be represented in the current code page (1252)
C:\Users\Trinh Toi - HaUI\Documents\HaUI Learning\ĐHMT\New folder\KTRA\Linh_TranThiKhanh_2020602060\ChongChong_Klinh\GLSLExperiment\mat.h(784,5): warning C4566: character represented by universal-character-name '\u0110' cannot be represented in the current code page (1252)
C:\Users\Trinh Toi - HaUI\Documents\HaUI Learning\ĐHMT\New folder\KTRA\Linh_TranThiKhanh_2020602060\ChongChong_Klinh\GLSLExperiment\example1.cpp(148,36): warning C4305: 'argument': truncation from 'double' to 'const GLfloat'
C:\Users\Trinh Toi - HaUI\Documents\HaUI Learning\ĐHMT\New folder\KTRA\Linh_TranThiKhanh_2020602060\ChongChong_Klinh\GLSLExperiment\example1.cpp(152,38): warning C4305: 'argument': truncation from 'double' to 'const GLfloat'
C:\Users\Trinh Toi - HaUI\Documents\HaUI Learning\ĐHMT\New folder\KTRA\Linh_TranThiKhanh_2020602060\ChongChong_Klinh\GLSLExperiment\example1.cpp(152,64): warning C4305: 'argument': truncation from 'double' to 'const GLfloat'
C:\Users\Trinh Toi - HaUI\Documents\HaUI Learning\ĐHMT\New folder\KTRA\Linh_TranThiKhanh_2020602060\ChongChong_Klinh\GLSLExperiment\example1.cpp(159,36): warning C4305: 'argument': truncation from 'double' to 'const GLfloat'
C:\Users\Trinh Toi - HaUI\Documents\HaUI Learning\ĐHMT\New folder\KTRA\Linh_TranThiKhanh_2020602060\ChongChong_Klinh\GLSLExperiment\example1.cpp(169,47): warning C4305: 'argument': truncation from 'double' to 'const GLfloat'
C:\Users\Trinh Toi - HaUI\Documents\HaUI Learning\ĐHMT\New folder\KTRA\Linh_TranThiKhanh_2020602060\ChongChong_Klinh\GLSLExperiment\example1.cpp(169,73): warning C4305: 'argument': truncation from 'double' to 'const GLfloat'
C:\Users\Trinh Toi - HaUI\Documents\HaUI Learning\ĐHMT\New folder\KTRA\Linh_TranThiKhanh_2020602060\ChongChong_Klinh\GLSLExperiment\example1.cpp(173,49): warning C4305: 'argument': truncation from 'double' to 'const GLfloat'
C:\Users\Trinh Toi - HaUI\Documents\HaUI Learning\ĐHMT\New folder\KTRA\Linh_TranThiKhanh_2020602060\ChongChong_Klinh\GLSLExperiment\example1.cpp(173,75): warning C4305: 'argument': truncation from 'double' to 'const GLfloat'
C:\Users\Trinh Toi - HaUI\Documents\HaUI Learning\ĐHMT\New folder\KTRA\Linh_TranThiKhanh_2020602060\ChongChong_Klinh\GLSLExperiment\example1.cpp(177,48): warning C4305: 'argument': truncation from 'double' to 'const GLfloat'
C:\Users\Trinh Toi - HaUI\Documents\HaUI Learning\ĐHMT\New folder\KTRA\Linh_TranThiKhanh_2020602060\ChongChong_Klinh\GLSLExperiment\example1.cpp(177,74): warning C4305: 'argument': truncation from 'double' to 'const GLfloat'
C:\Users\Trinh Toi - HaUI\Documents\HaUI Learning\ĐHMT\New folder\KTRA\Linh_TranThiKhanh_2020602060\ChongChong_Klinh\GLSLExperiment\example1.cpp(190,34): warning C4305: 'argument': truncation from 'double' to 'GLfloat'
C:\Users\Trinh Toi - HaUI\Documents\HaUI Learning\ĐHMT\New folder\KTRA\Linh_TranThiKhanh_2020602060\ChongChong_Klinh\GLSLExperiment\example1.cpp(199,51): warning C4305: 'argument': truncation from 'double' to 'const GLfloat'
C:\Users\Trinh Toi - HaUI\Documents\HaUI Learning\ĐHMT\New folder\KTRA\Linh_TranThiKhanh_2020602060\ChongChong_Klinh\GLSLExperiment\example1.cpp(232,15): warning C4305: '+=': truncation from 'double' to 'float'
C:\Users\Trinh Toi - HaUI\Documents\HaUI Learning\ĐHMT\New folder\KTRA\Linh_TranThiKhanh_2020602060\ChongChong_Klinh\GLSLExperiment\example1.cpp(235,15): warning C4305: '-=': truncation from 'double' to 'float'
  GLSLExperiment.vcxproj -> C:\Users\Trinh Toi - HaUI\Documents\HaUI Learning\ĐHMT\New folder\KTRA\Linh_TranThiKhanh_2020602060\ChongChong_Klinh\Debug\GLSLExperiment.exe
