cl : command line  warning D9035: option 'Gm' has been deprecated and will be removed in a future release
  InitShader.cpp
C:\Users\Trinh Toi - HaUI\Documents\HaUI Learning\ĐHMT\Ktra_Canh_cua\GLSLExperiment\mat.h(581,5): warning C4566: character represented by universal-character-name '\u0110' cannot be represented in the current code page (1252)
C:\Users\Trinh Toi - HaUI\Documents\HaUI Learning\ĐHMT\Ktra_Canh_cua\GLSLExperiment\mat.h(770,5): warning C4566: character represented by universal-character-name '\u0110' cannot be represented in the current code page (1252)
C:\Users\Trinh Toi - HaUI\Documents\HaUI Learning\ĐHMT\Ktra_Canh_cua\GLSLExperiment\mat.h(777,5): warning C4566: character represented by universal-character-name '\u0110' cannot be represented in the current code page (1252)
C:\Users\Trinh Toi - HaUI\Documents\HaUI Learning\ĐHMT\Ktra_Canh_cua\GLSLExperiment\mat.h(784,5): warning C4566: character represented by universal-character-name '\u0110' cannot be represented in the current code page (1252)
  example1.cpp
C:\Users\Trinh Toi - HaUI\Documents\HaUI Learning\ĐHMT\Ktra_Canh_cua\GLSLExperiment\mat.h(581,5): warning C4566: character represented by universal-character-name '\u0110' cannot be represented in the current code page (1252)
C:\Users\Trinh Toi - HaUI\Documents\HaUI Learning\ĐHMT\Ktra_Canh_cua\GLSLExperiment\mat.h(770,5): warning C4566: character represented by universal-character-name '\u0110' cannot be represented in the current code page (1252)
C:\Users\Trinh Toi - HaUI\Documents\HaUI Learning\ĐHMT\Ktra_Canh_cua\GLSLExperiment\mat.h(777,5): warning C4566: character represented by universal-character-name '\u0110' cannot be represented in the current code page (1252)
C:\Users\Trinh Toi - HaUI\Documents\HaUI Learning\ĐHMT\Ktra_Canh_cua\GLSLExperiment\mat.h(784,5): warning C4566: character represented by universal-character-name '\u0110' cannot be represented in the current code page (1252)
C:\Users\Trinh Toi - HaUI\Documents\HaUI Learning\ĐHMT\Ktra_Canh_cua\GLSLExperiment\example1.cpp(125,54): warning C4305: 'argument': truncation from 'double' to 'const GLfloat'
C:\Users\Trinh Toi - HaUI\Documents\HaUI Learning\ĐHMT\Ktra_Canh_cua\GLSLExperiment\example1.cpp(131,54): warning C4305: 'argument': truncation from 'double' to 'const GLfloat'
C:\Users\Trinh Toi - HaUI\Documents\HaUI Learning\ĐHMT\Ktra_Canh_cua\GLSLExperiment\example1.cpp(137,54): warning C4305: 'argument': truncation from 'double' to 'const GLfloat'
C:\Users\Trinh Toi - HaUI\Documents\HaUI Learning\ĐHMT\Ktra_Canh_cua\GLSLExperiment\example1.cpp(145,26): warning C4305: 'argument': truncation from 'double' to 'GLfloat'
C:\Users\Trinh Toi - HaUI\Documents\HaUI Learning\ĐHMT\Ktra_Canh_cua\GLSLExperiment\example1.cpp(146,27): warning C4305: 'argument': truncation from 'double' to 'GLfloat'
C:\Users\Trinh Toi - HaUI\Documents\HaUI Learning\ĐHMT\Ktra_Canh_cua\GLSLExperiment\example1.cpp(149,36): warning C4305: 'argument': truncation from 'double' to 'const GLfloat'
C:\Users\Trinh Toi - HaUI\Documents\HaUI Learning\ĐHMT\Ktra_Canh_cua\GLSLExperiment\example1.cpp(149,81): warning C4305: 'argument': truncation from 'double' to 'const GLfloat'
C:\Users\Trinh Toi - HaUI\Documents\HaUI Learning\ĐHMT\Ktra_Canh_cua\GLSLExperiment\example1.cpp(189,21): warning C4305: '+=': truncation from 'double' to 'GLfloat'
C:\Users\Trinh Toi - HaUI\Documents\HaUI Learning\ĐHMT\Ktra_Canh_cua\GLSLExperiment\example1.cpp(193,21): warning C4305: '-=': truncation from 'double' to 'GLfloat'
  Generating Code...
example1.obj : warning LNK4075: ignoring '/EDITANDCONTINUE' due to '/SAFESEH' specification
  GLSLExperiment.vcxproj -> C:\Users\Trinh Toi - HaUI\Documents\HaUI Learning\ĐHMT\Ktra_Canh_cua\Debug\GLSLExperiment.exe
