cl : command line  warning D9035: option 'Gm' has been deprecated and will be removed in a future release
  InitShader.cpp
C:\Users\Trinh Toi - HaUI\Documents\HaUI-Learning\ĐHMT\BTL\Nhom1_CuaHangMayBayDoChoi\GLSLExperiment\mat.h(581,5): warning C4566: character represented by universal-character-name '\u0110' cannot be represented in the current code page (1252)
C:\Users\Trinh Toi - HaUI\Documents\HaUI-Learning\ĐHMT\BTL\Nhom1_CuaHangMayBayDoChoi\GLSLExperiment\mat.h(770,5): warning C4566: character represented by universal-character-name '\u0110' cannot be represented in the current code page (1252)
C:\Users\Trinh Toi - HaUI\Documents\HaUI-Learning\ĐHMT\BTL\Nhom1_CuaHangMayBayDoChoi\GLSLExperiment\mat.h(777,5): warning C4566: character represented by universal-character-name '\u0110' cannot be represented in the current code page (1252)
C:\Users\Trinh Toi - HaUI\Documents\HaUI-Learning\ĐHMT\BTL\Nhom1_CuaHangMayBayDoChoi\GLSLExperiment\mat.h(784,5): warning C4566: character represented by universal-character-name '\u0110' cannot be represented in the current code page (1252)
  example1.cpp
C:\Users\Trinh Toi - HaUI\Documents\HaUI-Learning\ĐHMT\BTL\Nhom1_CuaHangMayBayDoChoi\GLSLExperiment\mat.h(581,5): warning C4566: character represented by universal-character-name '\u0110' cannot be represented in the current code page (1252)
C:\Users\Trinh Toi - HaUI\Documents\HaUI-Learning\ĐHMT\BTL\Nhom1_CuaHangMayBayDoChoi\GLSLExperiment\mat.h(770,5): warning C4566: character represented by universal-character-name '\u0110' cannot be represented in the current code page (1252)
C:\Users\Trinh Toi - HaUI\Documents\HaUI-Learning\ĐHMT\BTL\Nhom1_CuaHangMayBayDoChoi\GLSLExperiment\mat.h(777,5): warning C4566: character represented by universal-character-name '\u0110' cannot be represented in the current code page (1252)
C:\Users\Trinh Toi - HaUI\Documents\HaUI-Learning\ĐHMT\BTL\Nhom1_CuaHangMayBayDoChoi\GLSLExperiment\mat.h(784,5): warning C4566: character represented by universal-character-name '\u0110' cannot be represented in the current code page (1252)
C:\Users\Trinh Toi - HaUI\Documents\HaUI-Learning\ĐHMT\BTL\Nhom1_CuaHangMayBayDoChoi\GLSLExperiment\example1.cpp(35,18): warning C4305: 'initializing': truncation from 'double' to 'GLfloat'
C:\Users\Trinh Toi - HaUI\Documents\HaUI-Learning\ĐHMT\BTL\Nhom1_CuaHangMayBayDoChoi\GLSLExperiment\example1.cpp(141,33): warning C4305: 'argument': truncation from 'double' to 'GLfloat'
C:\Users\Trinh Toi - HaUI\Documents\HaUI-Learning\ĐHMT\BTL\Nhom1_CuaHangMayBayDoChoi\GLSLExperiment\example1.cpp(141,28): warning C4305: 'argument': truncation from 'double' to 'GLfloat'
C:\Users\Trinh Toi - HaUI\Documents\HaUI-Learning\ĐHMT\BTL\Nhom1_CuaHangMayBayDoChoi\GLSLExperiment\example1.cpp(141,23): warning C4305: 'argument': truncation from 'double' to 'GLfloat'
C:\Users\Trinh Toi - HaUI\Documents\HaUI-Learning\ĐHMT\BTL\Nhom1_CuaHangMayBayDoChoi\GLSLExperiment\example1.cpp(146,50): warning C4244: 'argument': conversion from 'double' to 'GLfloat', possible loss of data
C:\Users\Trinh Toi - HaUI\Documents\HaUI-Learning\ĐHMT\BTL\Nhom1_CuaHangMayBayDoChoi\GLSLExperiment\example1.cpp(146,39): warning C4244: 'argument': conversion from 'double' to 'GLfloat', possible loss of data
C:\Users\Trinh Toi - HaUI\Documents\HaUI-Learning\ĐHMT\BTL\Nhom1_CuaHangMayBayDoChoi\GLSLExperiment\example1.cpp(146,28): warning C4244: 'argument': conversion from 'double' to 'GLfloat', possible loss of data
C:\Users\Trinh Toi - HaUI\Documents\HaUI-Learning\ĐHMT\BTL\Nhom1_CuaHangMayBayDoChoi\GLSLExperiment\example1.cpp(175,20): warning C4305: 'argument': truncation from 'double' to 'GLfloat'
C:\Users\Trinh Toi - HaUI\Documents\HaUI-Learning\ĐHMT\BTL\Nhom1_CuaHangMayBayDoChoi\GLSLExperiment\example1.cpp(178,28): warning C4305: 'argument': truncation from 'double' to 'const GLfloat'
C:\Users\Trinh Toi - HaUI\Documents\HaUI-Learning\ĐHMT\BTL\Nhom1_CuaHangMayBayDoChoi\GLSLExperiment\example1.cpp(180,12): warning C4305: 'argument': truncation from 'double' to 'GLfloat'
C:\Users\Trinh Toi - HaUI\Documents\HaUI-Learning\ĐHMT\BTL\Nhom1_CuaHangMayBayDoChoi\GLSLExperiment\example1.cpp(183,29): warning C4305: 'argument': truncation from 'double' to 'const GLfloat'
C:\Users\Trinh Toi - HaUI\Documents\HaUI-Learning\ĐHMT\BTL\Nhom1_CuaHangMayBayDoChoi\GLSLExperiment\example1.cpp(185,12): warning C4305: 'argument': truncation from 'double' to 'GLfloat'
C:\Users\Trinh Toi - HaUI\Documents\HaUI-Learning\ĐHMT\BTL\Nhom1_CuaHangMayBayDoChoi\GLSLExperiment\example1.cpp(188,39): warning C4305: 'argument': truncation from 'double' to 'const GLfloat'
C:\Users\Trinh Toi - HaUI\Documents\HaUI-Learning\ĐHMT\BTL\Nhom1_CuaHangMayBayDoChoi\GLSLExperiment\example1.cpp(190,16): warning C4305: 'argument': truncation from 'double' to 'GLfloat'
C:\Users\Trinh Toi - HaUI\Documents\HaUI-Learning\ĐHMT\BTL\Nhom1_CuaHangMayBayDoChoi\GLSLExperiment\example1.cpp(193,38): warning C4305: 'argument': truncation from 'double' to 'const GLfloat'
C:\Users\Trinh Toi - HaUI\Documents\HaUI-Learning\ĐHMT\BTL\Nhom1_CuaHangMayBayDoChoi\GLSLExperiment\example1.cpp(195,15): warning C4305: 'argument': truncation from 'double' to 'GLfloat'
C:\Users\Trinh Toi - HaUI\Documents\HaUI-Learning\ĐHMT\BTL\Nhom1_CuaHangMayBayDoChoi\GLSLExperiment\example1.cpp(196,39): warning C4305: 'argument': truncation from 'double' to 'const GLfloat'
C:\Users\Trinh Toi - HaUI\Documents\HaUI-Learning\ĐHMT\BTL\Nhom1_CuaHangMayBayDoChoi\GLSLExperiment\example1.cpp(198,15): warning C4305: 'argument': truncation from 'double' to 'GLfloat'
C:\Users\Trinh Toi - HaUI\Documents\HaUI-Learning\ĐHMT\BTL\Nhom1_CuaHangMayBayDoChoi\GLSLExperiment\example1.cpp(201,45): warning C4305: 'argument': truncation from 'double' to 'const GLfloat'
C:\Users\Trinh Toi - HaUI\Documents\HaUI-Learning\ĐHMT\BTL\Nhom1_CuaHangMayBayDoChoi\GLSLExperiment\example1.cpp(201,35): warning C4244: 'argument': conversion from 'double' to 'const GLfloat', possible loss of data
C:\Users\Trinh Toi - HaUI\Documents\HaUI-Learning\ĐHMT\BTL\Nhom1_CuaHangMayBayDoChoi\GLSLExperiment\example1.cpp(203,15): warning C4305: 'argument': truncation from 'double' to 'GLfloat'
C:\Users\Trinh Toi - HaUI\Documents\HaUI-Learning\ĐHMT\BTL\Nhom1_CuaHangMayBayDoChoi\GLSLExperiment\example1.cpp(224,30): warning C4305: 'argument': truncation from 'double' to 'const GLfloat'
C:\Users\Trinh Toi - HaUI\Documents\HaUI-Learning\ĐHMT\BTL\Nhom1_CuaHangMayBayDoChoi\GLSLExperiment\example1.cpp(225,18): warning C4305: 'argument': truncation from 'double' to 'GLfloat'
C:\Users\Trinh Toi - HaUI\Documents\HaUI-Learning\ĐHMT\BTL\Nhom1_CuaHangMayBayDoChoi\GLSLExperiment\example1.cpp(225,12): warning C4305: 'argument': truncation from 'double' to 'GLfloat'
C:\Users\Trinh Toi - HaUI\Documents\HaUI-Learning\ĐHMT\BTL\Nhom1_CuaHangMayBayDoChoi\GLSLExperiment\example1.cpp(225,6): warning C4305: 'argument': truncation from 'double' to 'GLfloat'
C:\Users\Trinh Toi - HaUI\Documents\HaUI-Learning\ĐHMT\BTL\Nhom1_CuaHangMayBayDoChoi\GLSLExperiment\example1.cpp(227,34): warning C4305: 'argument': truncation from 'double' to 'const GLfloat'
C:\Users\Trinh Toi - HaUI\Documents\HaUI-Learning\ĐHMT\BTL\Nhom1_CuaHangMayBayDoChoi\GLSLExperiment\example1.cpp(228,17): warning C4305: 'argument': truncation from 'double' to 'GLfloat'
C:\Users\Trinh Toi - HaUI\Documents\HaUI-Learning\ĐHMT\BTL\Nhom1_CuaHangMayBayDoChoi\GLSLExperiment\example1.cpp(228,11): warning C4305: 'argument': truncation from 'double' to 'GLfloat'
C:\Users\Trinh Toi - HaUI\Documents\HaUI-Learning\ĐHMT\BTL\Nhom1_CuaHangMayBayDoChoi\GLSLExperiment\example1.cpp(228,6): warning C4305: 'argument': truncation from 'double' to 'GLfloat'
C:\Users\Trinh Toi - HaUI\Documents\HaUI-Learning\ĐHMT\BTL\Nhom1_CuaHangMayBayDoChoi\GLSLExperiment\example1.cpp(231,33): warning C4305: 'argument': truncation from 'double' to 'const GLfloat'
C:\Users\Trinh Toi - HaUI\Documents\HaUI-Learning\ĐHMT\BTL\Nhom1_CuaHangMayBayDoChoi\GLSLExperiment\example1.cpp(232,17): warning C4305: 'argument': truncation from 'double' to 'GLfloat'
C:\Users\Trinh Toi - HaUI\Documents\HaUI-Learning\ĐHMT\BTL\Nhom1_CuaHangMayBayDoChoi\GLSLExperiment\example1.cpp(232,11): warning C4305: 'argument': truncation from 'double' to 'GLfloat'
C:\Users\Trinh Toi - HaUI\Documents\HaUI-Learning\ĐHMT\BTL\Nhom1_CuaHangMayBayDoChoi\GLSLExperiment\example1.cpp(232,6): warning C4305: 'argument': truncation from 'double' to 'GLfloat'
C:\Users\Trinh Toi - HaUI\Documents\HaUI-Learning\ĐHMT\BTL\Nhom1_CuaHangMayBayDoChoi\GLSLExperiment\example1.cpp(234,28): warning C4305: 'argument': truncation from 'double' to 'const GLfloat'
C:\Users\Trinh Toi - HaUI\Documents\HaUI-Learning\ĐHMT\BTL\Nhom1_CuaHangMayBayDoChoi\GLSLExperiment\example1.cpp(235,18): warning C4305: 'argument': truncation from 'double' to 'GLfloat'
C:\Users\Trinh Toi - HaUI\Documents\HaUI-Learning\ĐHMT\BTL\Nhom1_CuaHangMayBayDoChoi\GLSLExperiment\example1.cpp(235,12): warning C4305: 'argument': truncation from 'double' to 'GLfloat'
C:\Users\Trinh Toi - HaUI\Documents\HaUI-Learning\ĐHMT\BTL\Nhom1_CuaHangMayBayDoChoi\GLSLExperiment\example1.cpp(235,6): warning C4305: 'argument': truncation from 'double' to 'GLfloat'
C:\Users\Trinh Toi - HaUI\Documents\HaUI-Learning\ĐHMT\BTL\Nhom1_CuaHangMayBayDoChoi\GLSLExperiment\example1.cpp(237,27): warning C4305: 'argument': truncation from 'double' to 'const GLfloat'
C:\Users\Trinh Toi - HaUI\Documents\HaUI-Learning\ĐHMT\BTL\Nhom1_CuaHangMayBayDoChoi\GLSLExperiment\example1.cpp(238,18): warning C4305: 'argument': truncation from 'double' to 'GLfloat'
C:\Users\Trinh Toi - HaUI\Documents\HaUI-Learning\ĐHMT\BTL\Nhom1_CuaHangMayBayDoChoi\GLSLExperiment\example1.cpp(238,12): warning C4305: 'argument': truncation from 'double' to 'GLfloat'
C:\Users\Trinh Toi - HaUI\Documents\HaUI-Learning\ĐHMT\BTL\Nhom1_CuaHangMayBayDoChoi\GLSLExperiment\example1.cpp(238,6): warning C4305: 'argument': truncation from 'double' to 'GLfloat'
C:\Users\Trinh Toi - HaUI\Documents\HaUI-Learning\ĐHMT\BTL\Nhom1_CuaHangMayBayDoChoi\GLSLExperiment\example1.cpp(241,31): warning C4305: 'argument': truncation from 'double' to 'const GLfloat'
C:\Users\Trinh Toi - HaUI\Documents\HaUI-Learning\ĐHMT\BTL\Nhom1_CuaHangMayBayDoChoi\GLSLExperiment\example1.cpp(242,17): warning C4305: 'argument': truncation from 'double' to 'GLfloat'
C:\Users\Trinh Toi - HaUI\Documents\HaUI-Learning\ĐHMT\BTL\Nhom1_CuaHangMayBayDoChoi\GLSLExperiment\example1.cpp(242,11): warning C4305: 'argument': truncation from 'double' to 'GLfloat'
C:\Users\Trinh Toi - HaUI\Documents\HaUI-Learning\ĐHMT\BTL\Nhom1_CuaHangMayBayDoChoi\GLSLExperiment\example1.cpp(273,14): warning C4305: 'argument': truncation from 'double' to 'GLfloat'
C:\Users\Trinh Toi - HaUI\Documents\HaUI-Learning\ĐHMT\BTL\Nhom1_CuaHangMayBayDoChoi\GLSLExperiment\example1.cpp(276,14): warning C4305: 'argument': truncation from 'double' to 'GLfloat'
C:\Users\Trinh Toi - HaUI\Documents\HaUI-Learning\ĐHMT\BTL\Nhom1_CuaHangMayBayDoChoi\GLSLExperiment\example1.cpp(281,14): warning C4305: 'argument': truncation from 'double' to 'GLfloat'
C:\Users\Trinh Toi - HaUI\Documents\HaUI-Learning\ĐHMT\BTL\Nhom1_CuaHangMayBayDoChoi\GLSLExperiment\example1.cpp(285,15): warning C4305: 'argument': truncation from 'double' to 'GLfloat'
C:\Users\Trinh Toi - HaUI\Documents\HaUI-Learning\ĐHMT\BTL\Nhom1_CuaHangMayBayDoChoi\GLSLExperiment\example1.cpp(285,9): warning C4305: 'argument': truncation from 'double' to 'GLfloat'
C:\Users\Trinh Toi - HaUI\Documents\HaUI-Learning\ĐHMT\BTL\Nhom1_CuaHangMayBayDoChoi\GLSLExperiment\example1.cpp(288,15): warning C4305: 'argument': truncation from 'double' to 'GLfloat'
C:\Users\Trinh Toi - HaUI\Documents\HaUI-Learning\ĐHMT\BTL\Nhom1_CuaHangMayBayDoChoi\GLSLExperiment\example1.cpp(288,9): warning C4305: 'argument': truncation from 'double' to 'GLfloat'
C:\Users\Trinh Toi - HaUI\Documents\HaUI-Learning\ĐHMT\BTL\Nhom1_CuaHangMayBayDoChoi\GLSLExperiment\example1.cpp(291,15): warning C4305: 'argument': truncation from 'double' to 'GLfloat'
C:\Users\Trinh Toi - HaUI\Documents\HaUI-Learning\ĐHMT\BTL\Nhom1_CuaHangMayBayDoChoi\GLSLExperiment\example1.cpp(291,9): warning C4305: 'argument': truncation from 'double' to 'GLfloat'
C:\Users\Trinh Toi - HaUI\Documents\HaUI-Learning\ĐHMT\BTL\Nhom1_CuaHangMayBayDoChoi\GLSLExperiment\example1.cpp(295,14): warning C4305: 'argument': truncation from 'double' to 'GLfloat'
C:\Users\Trinh Toi - HaUI\Documents\HaUI-Learning\ĐHMT\BTL\Nhom1_CuaHangMayBayDoChoi\GLSLExperiment\example1.cpp(299,14): warning C4305: 'argument': truncation from 'double' to 'GLfloat'
C:\Users\Trinh Toi - HaUI\Documents\HaUI-Learning\ĐHMT\BTL\Nhom1_CuaHangMayBayDoChoi\GLSLExperiment\example1.cpp(304,8): warning C4305: 'argument': truncation from 'double' to 'GLfloat'
C:\Users\Trinh Toi - HaUI\Documents\HaUI-Learning\ĐHMT\BTL\Nhom1_CuaHangMayBayDoChoi\GLSLExperiment\example1.cpp(307,8): warning C4305: 'argument': truncation from 'double' to 'GLfloat'
C:\Users\Trinh Toi - HaUI\Documents\HaUI-Learning\ĐHMT\BTL\Nhom1_CuaHangMayBayDoChoi\GLSLExperiment\example1.cpp(320,16): warning C4305: 'argument': truncation from 'double' to 'GLfloat'
C:\Users\Trinh Toi - HaUI\Documents\HaUI-Learning\ĐHMT\BTL\Nhom1_CuaHangMayBayDoChoi\GLSLExperiment\example1.cpp(323,16): warning C4305: 'argument': truncation from 'double' to 'GLfloat'
C:\Users\Trinh Toi - HaUI\Documents\HaUI-Learning\ĐHMT\BTL\Nhom1_CuaHangMayBayDoChoi\GLSLExperiment\example1.cpp(326,16): warning C4305: 'argument': truncation from 'double' to 'GLfloat'
C:\Users\Trinh Toi - HaUI\Documents\HaUI-Learning\ĐHMT\BTL\Nhom1_CuaHangMayBayDoChoi\GLSLExperiment\example1.cpp(327,38): warning C4305: 'argument': truncation from 'double' to 'const GLfloat'
C:\Users\Trinh Toi - HaUI\Documents\HaUI-Learning\ĐHMT\BTL\Nhom1_CuaHangMayBayDoChoi\GLSLExperiment\example1.cpp(327,31): warning C4305: 'argument': truncation from 'double' to 'const GLfloat'
C:\Users\Trinh Toi - HaUI\Documents\HaUI-Learning\ĐHMT\BTL\Nhom1_CuaHangMayBayDoChoi\GLSLExperiment\example1.cpp(329,13): warning C4305: 'argument': truncation from 'double' to 'GLfloat'
C:\Users\Trinh Toi - HaUI\Documents\HaUI-Learning\ĐHMT\BTL\Nhom1_CuaHangMayBayDoChoi\GLSLExperiment\example1.cpp(330,37): warning C4305: 'argument': truncation from 'double' to 'const GLfloat'
C:\Users\Trinh Toi - HaUI\Documents\HaUI-Learning\ĐHMT\BTL\Nhom1_CuaHangMayBayDoChoi\GLSLExperiment\example1.cpp(330,31): warning C4305: 'argument': truncation from 'double' to 'const GLfloat'
C:\Users\Trinh Toi - HaUI\Documents\HaUI-Learning\ĐHMT\BTL\Nhom1_CuaHangMayBayDoChoi\GLSLExperiment\example1.cpp(332,13): warning C4305: 'argument': truncation from 'double' to 'GLfloat'
C:\Users\Trinh Toi - HaUI\Documents\HaUI-Learning\ĐHMT\BTL\Nhom1_CuaHangMayBayDoChoi\GLSLExperiment\example1.cpp(335,32): warning C4305: 'argument': truncation from 'double' to 'const GLfloat'
C:\Users\Trinh Toi - HaUI\Documents\HaUI-Learning\ĐHMT\BTL\Nhom1_CuaHangMayBayDoChoi\GLSLExperiment\example1.cpp(337,8): warning C4305: 'argument': truncation from 'double' to 'GLfloat'
C:\Users\Trinh Toi - HaUI\Documents\HaUI-Learning\ĐHMT\BTL\Nhom1_CuaHangMayBayDoChoi\GLSLExperiment\example1.cpp(343,14): warning C4305: 'argument': truncation from 'double' to 'GLfloat'
C:\Users\Trinh Toi - HaUI\Documents\HaUI-Learning\ĐHMT\BTL\Nhom1_CuaHangMayBayDoChoi\GLSLExperiment\example1.cpp(346,14): warning C4305: 'argument': truncation from 'double' to 'GLfloat'
C:\Users\Trinh Toi - HaUI\Documents\HaUI-Learning\ĐHMT\BTL\Nhom1_CuaHangMayBayDoChoi\GLSLExperiment\example1.cpp(349,14): warning C4305: 'argument': truncation from 'double' to 'GLfloat'
C:\Users\Trinh Toi - HaUI\Documents\HaUI-Learning\ĐHMT\BTL\Nhom1_CuaHangMayBayDoChoi\GLSLExperiment\example1.cpp(352,14): warning C4305: 'argument': truncation from 'double' to 'GLfloat'
C:\Users\Trinh Toi - HaUI\Documents\HaUI-Learning\ĐHMT\BTL\Nhom1_CuaHangMayBayDoChoi\GLSLExperiment\example1.cpp(355,14): warning C4305: 'argument': truncation from 'double' to 'GLfloat'
C:\Users\Trinh Toi - HaUI\Documents\HaUI-Learning\ĐHMT\BTL\Nhom1_CuaHangMayBayDoChoi\GLSLExperiment\example1.cpp(358,14): warning C4305: 'argument': truncation from 'double' to 'GLfloat'
C:\Users\Trinh Toi - HaUI\Documents\HaUI-Learning\ĐHMT\BTL\Nhom1_CuaHangMayBayDoChoi\GLSLExperiment\example1.cpp(360,37): warning C4305: 'argument': truncation from 'double' to 'const GLfloat'
C:\Users\Trinh Toi - HaUI\Documents\HaUI-Learning\ĐHMT\BTL\Nhom1_CuaHangMayBayDoChoi\GLSLExperiment\example1.cpp(360,31): warning C4305: 'argument': truncation from 'double' to 'const GLfloat'
C:\Users\Trinh Toi - HaUI\Documents\HaUI-Learning\ĐHMT\BTL\Nhom1_CuaHangMayBayDoChoi\GLSLExperiment\example1.cpp(362,11): warning C4305: 'argument': truncation from 'double' to 'GLfloat'
C:\Users\Trinh Toi - HaUI\Documents\HaUI-Learning\ĐHMT\BTL\Nhom1_CuaHangMayBayDoChoi\GLSLExperiment\example1.cpp(363,36): warning C4305: 'argument': truncation from 'double' to 'const GLfloat'
C:\Users\Trinh Toi - HaUI\Documents\HaUI-Learning\ĐHMT\BTL\Nhom1_CuaHangMayBayDoChoi\GLSLExperiment\example1.cpp(363,31): warning C4305: 'argument': truncation from 'double' to 'const GLfloat'
C:\Users\Trinh Toi - HaUI\Documents\HaUI-Learning\ĐHMT\BTL\Nhom1_CuaHangMayBayDoChoi\GLSLExperiment\example1.cpp(365,11): warning C4305: 'argument': truncation from 'double' to 'GLfloat'
C:\Users\Trinh Toi - HaUI\Documents\HaUI-Learning\ĐHMT\BTL\Nhom1_CuaHangMayBayDoChoi\GLSLExperiment\example1.cpp(368,27): warning C4305: 'argument': truncation from 'double' to 'const GLfloat'
C:\Users\Trinh Toi - HaUI\Documents\HaUI-Learning\ĐHMT\BTL\Nhom1_CuaHangMayBayDoChoi\GLSLExperiment\example1.cpp(370,14): warning C4305: 'argument': truncation from 'double' to 'GLfloat'
C:\Users\Trinh Toi - HaUI\Documents\HaUI-Learning\ĐHMT\BTL\Nhom1_CuaHangMayBayDoChoi\GLSLExperiment\example1.cpp(371,38): warning C4305: 'argument': truncation from 'double' to 'const GLfloat'
C:\Users\Trinh Toi - HaUI\Documents\HaUI-Learning\ĐHMT\BTL\Nhom1_CuaHangMayBayDoChoi\GLSLExperiment\example1.cpp(371,32): warning C4305: 'argument': truncation from 'double' to 'const GLfloat'
C:\Users\Trinh Toi - HaUI\Documents\HaUI-Learning\ĐHMT\BTL\Nhom1_CuaHangMayBayDoChoi\GLSLExperiment\example1.cpp(371,27): warning C4305: 'argument': truncation from 'double' to 'const GLfloat'
C:\Users\Trinh Toi - HaUI\Documents\HaUI-Learning\ĐHMT\BTL\Nhom1_CuaHangMayBayDoChoi\GLSLExperiment\example1.cpp(373,11): warning C4305: 'argument': truncation from 'double' to 'GLfloat'
C:\Users\Trinh Toi - HaUI\Documents\HaUI-Learning\ĐHMT\BTL\Nhom1_CuaHangMayBayDoChoi\GLSLExperiment\example1.cpp(374,37): warning C4305: 'argument': truncation from 'double' to 'const GLfloat'
C:\Users\Trinh Toi - HaUI\Documents\HaUI-Learning\ĐHMT\BTL\Nhom1_CuaHangMayBayDoChoi\GLSLExperiment\example1.cpp(374,32): warning C4305: 'argument': truncation from 'double' to 'const GLfloat'
C:\Users\Trinh Toi - HaUI\Documents\HaUI-Learning\ĐHMT\BTL\Nhom1_CuaHangMayBayDoChoi\GLSLExperiment\example1.cpp(374,27): warning C4305: 'argument': truncation from 'double' to 'const GLfloat'
C:\Users\Trinh Toi - HaUI\Documents\HaUI-Learning\ĐHMT\BTL\Nhom1_CuaHangMayBayDoChoi\GLSLExperiment\example1.cpp(376,11): warning C4305: 'argument': truncation from 'double' to 'GLfloat'
C:\Users\Trinh Toi - HaUI\Documents\HaUI-Learning\ĐHMT\BTL\Nhom1_CuaHangMayBayDoChoi\GLSLExperiment\example1.cpp(392,32): warning C4305: 'argument': truncation from 'double' to 'const GLfloat'
C:\Users\Trinh Toi - HaUI\Documents\HaUI-Learning\ĐHMT\BTL\Nhom1_CuaHangMayBayDoChoi\GLSLExperiment\example1.cpp(408,13): warning C4305: 'argument': truncation from 'double' to 'GLfloat'
C:\Users\Trinh Toi - HaUI\Documents\HaUI-Learning\ĐHMT\BTL\Nhom1_CuaHangMayBayDoChoi\GLSLExperiment\example1.cpp(408,7): warning C4305: 'argument': truncation from 'double' to 'GLfloat'
C:\Users\Trinh Toi - HaUI\Documents\HaUI-Learning\ĐHMT\BTL\Nhom1_CuaHangMayBayDoChoi\GLSLExperiment\example1.cpp(409,33): warning C4305: 'argument': truncation from 'double' to 'const GLfloat'
C:\Users\Trinh Toi - HaUI\Documents\HaUI-Learning\ĐHMT\BTL\Nhom1_CuaHangMayBayDoChoi\GLSLExperiment\example1.cpp(411,16): warning C4305: 'argument': truncation from 'double' to 'GLfloat'
C:\Users\Trinh Toi - HaUI\Documents\HaUI-Learning\ĐHMT\BTL\Nhom1_CuaHangMayBayDoChoi\GLSLExperiment\example1.cpp(411,10): warning C4305: 'argument': truncation from 'double' to 'GLfloat'
C:\Users\Trinh Toi - HaUI\Documents\HaUI-Learning\ĐHMT\BTL\Nhom1_CuaHangMayBayDoChoi\GLSLExperiment\example1.cpp(417,32): warning C4305: 'argument': truncation from 'double' to 'const GLfloat'
C:\Users\Trinh Toi - HaUI\Documents\HaUI-Learning\ĐHMT\BTL\Nhom1_CuaHangMayBayDoChoi\GLSLExperiment\example1.cpp(419,16): warning C4305: 'argument': truncation from 'double' to 'GLfloat'
C:\Users\Trinh Toi - HaUI\Documents\HaUI-Learning\ĐHMT\BTL\Nhom1_CuaHangMayBayDoChoi\GLSLExperiment\example1.cpp(419,10): warning C4305: 'argument': truncation from 'double' to 'GLfloat'
C:\Users\Trinh Toi - HaUI\Documents\HaUI-Learning\ĐHMT\BTL\Nhom1_CuaHangMayBayDoChoi\GLSLExperiment\example1.cpp(420,31): warning C4305: 'argument': truncation from 'double' to 'const GLfloat'
C:\Users\Trinh Toi - HaUI\Documents\HaUI-Learning\ĐHMT\BTL\Nhom1_CuaHangMayBayDoChoi\GLSLExperiment\example1.cpp(422,16): warning C4305: 'argument': truncation from 'double' to 'GLfloat'
C:\Users\Trinh Toi - HaUI\Documents\HaUI-Learning\ĐHMT\BTL\Nhom1_CuaHangMayBayDoChoi\GLSLExperiment\example1.cpp(422,10): warning C4305: 'argument': truncation from 'double' to 'GLfloat'
C:\Users\Trinh Toi - HaUI\Documents\HaUI-Learning\ĐHMT\BTL\Nhom1_CuaHangMayBayDoChoi\GLSLExperiment\example1.cpp(424,29): warning C4305: 'argument': truncation from 'double' to 'const GLfloat'
C:\Users\Trinh Toi - HaUI\Documents\HaUI-Learning\ĐHMT\BTL\Nhom1_CuaHangMayBayDoChoi\GLSLExperiment\example1.cpp(426,12): warning C4305: 'argument': truncation from 'double' to 'GLfloat'
C:\Users\Trinh Toi - HaUI\Documents\HaUI-Learning\ĐHMT\BTL\Nhom1_CuaHangMayBayDoChoi\GLSLExperiment\example1.cpp(426,7): warning C4305: 'argument': truncation from 'double' to 'GLfloat'
C:\Users\Trinh Toi - HaUI\Documents\HaUI-Learning\ĐHMT\BTL\Nhom1_CuaHangMayBayDoChoi\GLSLExperiment\example1.cpp(427,28): warning C4305: 'argument': truncation from 'double' to 'const GLfloat'
C:\Users\Trinh Toi - HaUI\Documents\HaUI-Learning\ĐHMT\BTL\Nhom1_CuaHangMayBayDoChoi\GLSLExperiment\example1.cpp(429,12): warning C4305: 'argument': truncation from 'double' to 'GLfloat'
C:\Users\Trinh Toi - HaUI\Documents\HaUI-Learning\ĐHMT\BTL\Nhom1_CuaHangMayBayDoChoi\GLSLExperiment\example1.cpp(429,7): warning C4305: 'argument': truncation from 'double' to 'GLfloat'
C:\Users\Trinh Toi - HaUI\Documents\HaUI-Learning\ĐHMT\BTL\Nhom1_CuaHangMayBayDoChoi\GLSLExperiment\example1.cpp(432,32): warning C4305: 'argument': truncation from 'double' to 'const GLfloat'
C:\Users\Trinh Toi - HaUI\Documents\HaUI-Learning\ĐHMT\BTL\Nhom1_CuaHangMayBayDoChoi\GLSLExperiment\example1.cpp(434,16): warning C4305: 'argument': truncation from 'double' to 'GLfloat'
C:\Users\Trinh Toi - HaUI\Documents\HaUI-Learning\ĐHMT\BTL\Nhom1_CuaHangMayBayDoChoi\GLSLExperiment\example1.cpp(434,10): warning C4305: 'argument': truncation from 'double' to 'GLfloat'
C:\Users\Trinh Toi - HaUI\Documents\HaUI-Learning\ĐHMT\BTL\Nhom1_CuaHangMayBayDoChoi\GLSLExperiment\example1.cpp(436,29): warning C4305: 'argument': truncation from 'double' to 'const GLfloat'
C:\Users\Trinh Toi - HaUI\Documents\HaUI-Learning\ĐHMT\BTL\Nhom1_CuaHangMayBayDoChoi\GLSLExperiment\example1.cpp(438,18): warning C4305: 'argument': truncation from 'double' to 'GLfloat'
C:\Users\Trinh Toi - HaUI\Documents\HaUI-Learning\ĐHMT\BTL\Nhom1_CuaHangMayBayDoChoi\GLSLExperiment\example1.cpp(438,12): warning C4305: 'argument': truncation from 'double' to 'GLfloat'
C:\Users\Trinh Toi - HaUI\Documents\HaUI-Learning\ĐHMT\BTL\Nhom1_CuaHangMayBayDoChoi\GLSLExperiment\example1.cpp(438,7): warning C4305: 'argument': truncation from 'double' to 'GLfloat'
C:\Users\Trinh Toi - HaUI\Documents\HaUI-Learning\ĐHMT\BTL\Nhom1_CuaHangMayBayDoChoi\GLSLExperiment\example1.cpp(439,28): warning C4305: 'argument': truncation from 'double' to 'const GLfloat'
C:\Users\Trinh Toi - HaUI\Documents\HaUI-Learning\ĐHMT\BTL\Nhom1_CuaHangMayBayDoChoi\GLSLExperiment\example1.cpp(441,18): warning C4305: 'argument': truncation from 'double' to 'GLfloat'
C:\Users\Trinh Toi - HaUI\Documents\HaUI-Learning\ĐHMT\BTL\Nhom1_CuaHangMayBayDoChoi\GLSLExperiment\example1.cpp(441,12): warning C4305: 'argument': truncation from 'double' to 'GLfloat'
C:\Users\Trinh Toi - HaUI\Documents\HaUI-Learning\ĐHMT\BTL\Nhom1_CuaHangMayBayDoChoi\GLSLExperiment\example1.cpp(441,7): warning C4305: 'argument': truncation from 'double' to 'GLfloat'
C:\Users\Trinh Toi - HaUI\Documents\HaUI-Learning\ĐHMT\BTL\Nhom1_CuaHangMayBayDoChoi\GLSLExperiment\example1.cpp(445,18): warning C4305: 'argument': truncation from 'double' to 'GLfloat'
C:\Users\Trinh Toi - HaUI\Documents\HaUI-Learning\ĐHMT\BTL\Nhom1_CuaHangMayBayDoChoi\GLSLExperiment\example1.cpp(445,12): warning C4305: 'argument': truncation from 'double' to 'GLfloat'
C:\Users\Trinh Toi - HaUI\Documents\HaUI-Learning\ĐHMT\BTL\Nhom1_CuaHangMayBayDoChoi\GLSLExperiment\example1.cpp(445,7): warning C4305: 'argument': truncation from 'double' to 'GLfloat'
C:\Users\Trinh Toi - HaUI\Documents\HaUI-Learning\ĐHMT\BTL\Nhom1_CuaHangMayBayDoChoi\GLSLExperiment\example1.cpp(467,9): warning C4305: 'argument': truncation from 'double' to 'GLfloat'
C:\Users\Trinh Toi - HaUI\Documents\HaUI-Learning\ĐHMT\BTL\Nhom1_CuaHangMayBayDoChoi\GLSLExperiment\example1.cpp(471,19): warning C4305: 'argument': truncation from 'double' to 'GLfloat'
C:\Users\Trinh Toi - HaUI\Documents\HaUI-Learning\ĐHMT\BTL\Nhom1_CuaHangMayBayDoChoi\GLSLExperiment\example1.cpp(471,14): warning C4305: 'argument': truncation from 'double' to 'GLfloat'
C:\Users\Trinh Toi - HaUI\Documents\HaUI-Learning\ĐHMT\BTL\Nhom1_CuaHangMayBayDoChoi\GLSLExperiment\example1.cpp(471,9): warning C4305: 'argument': truncation from 'double' to 'GLfloat'
C:\Users\Trinh Toi - HaUI\Documents\HaUI-Learning\ĐHMT\BTL\Nhom1_CuaHangMayBayDoChoi\GLSLExperiment\example1.cpp(472,31): warning C4305: 'argument': truncation from 'double' to 'const GLfloat'
C:\Users\Trinh Toi - HaUI\Documents\HaUI-Learning\ĐHMT\BTL\Nhom1_CuaHangMayBayDoChoi\GLSLExperiment\example1.cpp(474,14): warning C4305: 'argument': truncation from 'double' to 'GLfloat'
C:\Users\Trinh Toi - HaUI\Documents\HaUI-Learning\ĐHMT\BTL\Nhom1_CuaHangMayBayDoChoi\GLSLExperiment\example1.cpp(474,9): warning C4305: 'argument': truncation from 'double' to 'GLfloat'
C:\Users\Trinh Toi - HaUI\Documents\HaUI-Learning\ĐHMT\BTL\Nhom1_CuaHangMayBayDoChoi\GLSLExperiment\example1.cpp(478,17): warning C4305: 'argument': truncation from 'double' to 'GLfloat'
C:\Users\Trinh Toi - HaUI\Documents\HaUI-Learning\ĐHMT\BTL\Nhom1_CuaHangMayBayDoChoi\GLSLExperiment\example1.cpp(478,9): warning C4305: 'argument': truncation from 'double' to 'GLfloat'
C:\Users\Trinh Toi - HaUI\Documents\HaUI-Learning\ĐHMT\BTL\Nhom1_CuaHangMayBayDoChoi\GLSLExperiment\example1.cpp(484,33): warning C4305: 'argument': truncation from 'double' to 'const GLfloat'
C:\Users\Trinh Toi - HaUI\Documents\HaUI-Learning\ĐHMT\BTL\Nhom1_CuaHangMayBayDoChoi\GLSLExperiment\example1.cpp(484,27): warning C4305: 'argument': truncation from 'double' to 'const GLfloat'
C:\Users\Trinh Toi - HaUI\Documents\HaUI-Learning\ĐHMT\BTL\Nhom1_CuaHangMayBayDoChoi\GLSLExperiment\example1.cpp(486,19): warning C4305: 'argument': truncation from 'double' to 'GLfloat'
C:\Users\Trinh Toi - HaUI\Documents\HaUI-Learning\ĐHMT\BTL\Nhom1_CuaHangMayBayDoChoi\GLSLExperiment\example1.cpp(486,14): warning C4305: 'argument': truncation from 'double' to 'GLfloat'
C:\Users\Trinh Toi - HaUI\Documents\HaUI-Learning\ĐHMT\BTL\Nhom1_CuaHangMayBayDoChoi\GLSLExperiment\example1.cpp(486,9): warning C4305: 'argument': truncation from 'double' to 'GLfloat'
C:\Users\Trinh Toi - HaUI\Documents\HaUI-Learning\ĐHMT\BTL\Nhom1_CuaHangMayBayDoChoi\GLSLExperiment\example1.cpp(487,32): warning C4305: 'argument': truncation from 'double' to 'const GLfloat'
C:\Users\Trinh Toi - HaUI\Documents\HaUI-Learning\ĐHMT\BTL\Nhom1_CuaHangMayBayDoChoi\GLSLExperiment\example1.cpp(487,26): warning C4305: 'argument': truncation from 'double' to 'const GLfloat'
C:\Users\Trinh Toi - HaUI\Documents\HaUI-Learning\ĐHMT\BTL\Nhom1_CuaHangMayBayDoChoi\GLSLExperiment\example1.cpp(489,19): warning C4305: 'argument': truncation from 'double' to 'GLfloat'
C:\Users\Trinh Toi - HaUI\Documents\HaUI-Learning\ĐHMT\BTL\Nhom1_CuaHangMayBayDoChoi\GLSLExperiment\example1.cpp(489,14): warning C4305: 'argument': truncation from 'double' to 'GLfloat'
C:\Users\Trinh Toi - HaUI\Documents\HaUI-Learning\ĐHMT\BTL\Nhom1_CuaHangMayBayDoChoi\GLSLExperiment\example1.cpp(489,9): warning C4305: 'argument': truncation from 'double' to 'GLfloat'
C:\Users\Trinh Toi - HaUI\Documents\HaUI-Learning\ĐHMT\BTL\Nhom1_CuaHangMayBayDoChoi\GLSLExperiment\example1.cpp(491,33): warning C4305: 'argument': truncation from 'double' to 'const GLfloat'
C:\Users\Trinh Toi - HaUI\Documents\HaUI-Learning\ĐHMT\BTL\Nhom1_CuaHangMayBayDoChoi\GLSLExperiment\example1.cpp(491,27): warning C4305: 'argument': truncation from 'double' to 'const GLfloat'
C:\Users\Trinh Toi - HaUI\Documents\HaUI-Learning\ĐHMT\BTL\Nhom1_CuaHangMayBayDoChoi\GLSLExperiment\example1.cpp(493,19): warning C4305: 'argument': truncation from 'double' to 'GLfloat'
C:\Users\Trinh Toi - HaUI\Documents\HaUI-Learning\ĐHMT\BTL\Nhom1_CuaHangMayBayDoChoi\GLSLExperiment\example1.cpp(493,9): warning C4305: 'argument': truncation from 'double' to 'GLfloat'
C:\Users\Trinh Toi - HaUI\Documents\HaUI-Learning\ĐHMT\BTL\Nhom1_CuaHangMayBayDoChoi\GLSLExperiment\example1.cpp(494,32): warning C4305: 'argument': truncation from 'double' to 'const GLfloat'
C:\Users\Trinh Toi - HaUI\Documents\HaUI-Learning\ĐHMT\BTL\Nhom1_CuaHangMayBayDoChoi\GLSLExperiment\example1.cpp(494,26): warning C4305: 'argument': truncation from 'double' to 'const GLfloat'
C:\Users\Trinh Toi - HaUI\Documents\HaUI-Learning\ĐHMT\BTL\Nhom1_CuaHangMayBayDoChoi\GLSLExperiment\example1.cpp(496,19): warning C4305: 'argument': truncation from 'double' to 'GLfloat'
C:\Users\Trinh Toi - HaUI\Documents\HaUI-Learning\ĐHMT\BTL\Nhom1_CuaHangMayBayDoChoi\GLSLExperiment\example1.cpp(496,9): warning C4305: 'argument': truncation from 'double' to 'GLfloat'
C:\Users\Trinh Toi - HaUI\Documents\HaUI-Learning\ĐHMT\BTL\Nhom1_CuaHangMayBayDoChoi\GLSLExperiment\example1.cpp(499,45): warning C4305: 'argument': truncation from 'double' to 'const GLfloat'
C:\Users\Trinh Toi - HaUI\Documents\HaUI-Learning\ĐHMT\BTL\Nhom1_CuaHangMayBayDoChoi\GLSLExperiment\example1.cpp(501,17): warning C4305: 'argument': truncation from 'double' to 'GLfloat'
C:\Users\Trinh Toi - HaUI\Documents\HaUI-Learning\ĐHMT\BTL\Nhom1_CuaHangMayBayDoChoi\GLSLExperiment\example1.cpp(501,12): warning C4305: 'argument': truncation from 'double' to 'GLfloat'
C:\Users\Trinh Toi - HaUI\Documents\HaUI-Learning\ĐHMT\BTL\Nhom1_CuaHangMayBayDoChoi\GLSLExperiment\example1.cpp(504,17): warning C4305: 'argument': truncation from 'double' to 'GLfloat'
C:\Users\Trinh Toi - HaUI\Documents\HaUI-Learning\ĐHMT\BTL\Nhom1_CuaHangMayBayDoChoi\GLSLExperiment\example1.cpp(504,9): warning C4305: 'argument': truncation from 'double' to 'GLfloat'
C:\Users\Trinh Toi - HaUI\Documents\HaUI-Learning\ĐHMT\BTL\Nhom1_CuaHangMayBayDoChoi\GLSLExperiment\example1.cpp(509,19): warning C4305: 'argument': truncation from 'double' to 'GLfloat'
C:\Users\Trinh Toi - HaUI\Documents\HaUI-Learning\ĐHMT\BTL\Nhom1_CuaHangMayBayDoChoi\GLSLExperiment\example1.cpp(509,14): warning C4305: 'argument': truncation from 'double' to 'GLfloat'
C:\Users\Trinh Toi - HaUI\Documents\HaUI-Learning\ĐHMT\BTL\Nhom1_CuaHangMayBayDoChoi\GLSLExperiment\example1.cpp(509,9): warning C4305: 'argument': truncation from 'double' to 'GLfloat'
C:\Users\Trinh Toi - HaUI\Documents\HaUI-Learning\ĐHMT\BTL\Nhom1_CuaHangMayBayDoChoi\GLSLExperiment\example1.cpp(512,37): warning C4305: 'argument': truncation from 'double' to 'const GLfloat'
C:\Users\Trinh Toi - HaUI\Documents\HaUI-Learning\ĐHMT\BTL\Nhom1_CuaHangMayBayDoChoi\GLSLExperiment\example1.cpp(512,31): warning C4305: 'argument': truncation from 'double' to 'const GLfloat'
C:\Users\Trinh Toi - HaUI\Documents\HaUI-Learning\ĐHMT\BTL\Nhom1_CuaHangMayBayDoChoi\GLSLExperiment\example1.cpp(513,20): warning C4244: 'argument': conversion from 'GLint' to 'GLfloat', possible loss of data
C:\Users\Trinh Toi - HaUI\Documents\HaUI-Learning\ĐHMT\BTL\Nhom1_CuaHangMayBayDoChoi\GLSLExperiment\example1.cpp(513,17): warning C4244: 'argument': conversion from 'GLint' to 'GLfloat', possible loss of data
C:\Users\Trinh Toi - HaUI\Documents\HaUI-Learning\ĐHMT\BTL\Nhom1_CuaHangMayBayDoChoi\GLSLExperiment\example1.cpp(513,14): warning C4244: 'argument': conversion from 'GLint' to 'GLfloat', possible loss of data
C:\Users\Trinh Toi - HaUI\Documents\HaUI-Learning\ĐHMT\BTL\Nhom1_CuaHangMayBayDoChoi\GLSLExperiment\example1.cpp(514,20): warning C4305: 'argument': truncation from 'double' to 'GLfloat'
C:\Users\Trinh Toi - HaUI\Documents\HaUI-Learning\ĐHMT\BTL\Nhom1_CuaHangMayBayDoChoi\GLSLExperiment\example1.cpp(514,15): warning C4305: 'argument': truncation from 'double' to 'GLfloat'
C:\Users\Trinh Toi - HaUI\Documents\HaUI-Learning\ĐHMT\BTL\Nhom1_CuaHangMayBayDoChoi\GLSLExperiment\example1.cpp(514,9): warning C4305: 'argument': truncation from 'double' to 'GLfloat'
C:\Users\Trinh Toi - HaUI\Documents\HaUI-Learning\ĐHMT\BTL\Nhom1_CuaHangMayBayDoChoi\GLSLExperiment\example1.cpp(516,36): warning C4305: 'argument': truncation from 'double' to 'const GLfloat'
C:\Users\Trinh Toi - HaUI\Documents\HaUI-Learning\ĐHMT\BTL\Nhom1_CuaHangMayBayDoChoi\GLSLExperiment\example1.cpp(517,20): warning C4244: 'argument': conversion from 'GLint' to 'GLfloat', possible loss of data
C:\Users\Trinh Toi - HaUI\Documents\HaUI-Learning\ĐHMT\BTL\Nhom1_CuaHangMayBayDoChoi\GLSLExperiment\example1.cpp(517,17): warning C4244: 'argument': conversion from 'GLint' to 'GLfloat', possible loss of data
C:\Users\Trinh Toi - HaUI\Documents\HaUI-Learning\ĐHMT\BTL\Nhom1_CuaHangMayBayDoChoi\GLSLExperiment\example1.cpp(517,14): warning C4244: 'argument': conversion from 'GLint' to 'GLfloat', possible loss of data
C:\Users\Trinh Toi - HaUI\Documents\HaUI-Learning\ĐHMT\BTL\Nhom1_CuaHangMayBayDoChoi\GLSLExperiment\example1.cpp(518,21): warning C4305: 'argument': truncation from 'double' to 'GLfloat'
C:\Users\Trinh Toi - HaUI\Documents\HaUI-Learning\ĐHMT\BTL\Nhom1_CuaHangMayBayDoChoi\GLSLExperiment\example1.cpp(518,15): warning C4305: 'argument': truncation from 'double' to 'GLfloat'
C:\Users\Trinh Toi - HaUI\Documents\HaUI-Learning\ĐHMT\BTL\Nhom1_CuaHangMayBayDoChoi\GLSLExperiment\example1.cpp(518,9): warning C4305: 'argument': truncation from 'double' to 'GLfloat'
C:\Users\Trinh Toi - HaUI\Documents\HaUI-Learning\ĐHMT\BTL\Nhom1_CuaHangMayBayDoChoi\GLSLExperiment\example1.cpp(521,38): warning C4305: 'argument': truncation from 'double' to 'const GLfloat'
C:\Users\Trinh Toi - HaUI\Documents\HaUI-Learning\ĐHMT\BTL\Nhom1_CuaHangMayBayDoChoi\GLSLExperiment\example1.cpp(521,31): warning C4305: 'argument': truncation from 'double' to 'const GLfloat'
C:\Users\Trinh Toi - HaUI\Documents\HaUI-Learning\ĐHMT\BTL\Nhom1_CuaHangMayBayDoChoi\GLSLExperiment\example1.cpp(522,20): warning C4244: 'argument': conversion from 'GLint' to 'GLfloat', possible loss of data
C:\Users\Trinh Toi - HaUI\Documents\HaUI-Learning\ĐHMT\BTL\Nhom1_CuaHangMayBayDoChoi\GLSLExperiment\example1.cpp(522,17): warning C4244: 'argument': conversion from 'GLint' to 'GLfloat', possible loss of data
C:\Users\Trinh Toi - HaUI\Documents\HaUI-Learning\ĐHMT\BTL\Nhom1_CuaHangMayBayDoChoi\GLSLExperiment\example1.cpp(522,14): warning C4244: 'argument': conversion from 'GLint' to 'GLfloat', possible loss of data
C:\Users\Trinh Toi - HaUI\Documents\HaUI-Learning\ĐHMT\BTL\Nhom1_CuaHangMayBayDoChoi\GLSLExperiment\example1.cpp(523,20): warning C4305: 'argument': truncation from 'double' to 'GLfloat'
C:\Users\Trinh Toi - HaUI\Documents\HaUI-Learning\ĐHMT\BTL\Nhom1_CuaHangMayBayDoChoi\GLSLExperiment\example1.cpp(523,15): warning C4305: 'argument': truncation from 'double' to 'GLfloat'
C:\Users\Trinh Toi - HaUI\Documents\HaUI-Learning\ĐHMT\BTL\Nhom1_CuaHangMayBayDoChoi\GLSLExperiment\example1.cpp(523,9): warning C4305: 'argument': truncation from 'double' to 'GLfloat'
C:\Users\Trinh Toi - HaUI\Documents\HaUI-Learning\ĐHMT\BTL\Nhom1_CuaHangMayBayDoChoi\GLSLExperiment\example1.cpp(526,35): warning C4305: 'argument': truncation from 'double' to 'const GLfloat'
C:\Users\Trinh Toi - HaUI\Documents\HaUI-Learning\ĐHMT\BTL\Nhom1_CuaHangMayBayDoChoi\GLSLExperiment\example1.cpp(526,26): warning C4305: 'argument': truncation from 'double' to 'const GLfloat'
C:\Users\Trinh Toi - HaUI\Documents\HaUI-Learning\ĐHMT\BTL\Nhom1_CuaHangMayBayDoChoi\GLSLExperiment\example1.cpp(527,20): warning C4244: 'argument': conversion from 'GLint' to 'GLfloat', possible loss of data
C:\Users\Trinh Toi - HaUI\Documents\HaUI-Learning\ĐHMT\BTL\Nhom1_CuaHangMayBayDoChoi\GLSLExperiment\example1.cpp(527,17): warning C4244: 'argument': conversion from 'GLint' to 'GLfloat', possible loss of data
C:\Users\Trinh Toi - HaUI\Documents\HaUI-Learning\ĐHMT\BTL\Nhom1_CuaHangMayBayDoChoi\GLSLExperiment\example1.cpp(527,14): warning C4244: 'argument': conversion from 'GLint' to 'GLfloat', possible loss of data
C:\Users\Trinh Toi - HaUI\Documents\HaUI-Learning\ĐHMT\BTL\Nhom1_CuaHangMayBayDoChoi\GLSLExperiment\example1.cpp(528,20): warning C4305: 'argument': truncation from 'double' to 'GLfloat'
C:\Users\Trinh Toi - HaUI\Documents\HaUI-Learning\ĐHMT\BTL\Nhom1_CuaHangMayBayDoChoi\GLSLExperiment\example1.cpp(528,14): warning C4305: 'argument': truncation from 'double' to 'GLfloat'
C:\Users\Trinh Toi - HaUI\Documents\HaUI-Learning\ĐHMT\BTL\Nhom1_CuaHangMayBayDoChoi\GLSLExperiment\example1.cpp(528,9): warning C4305: 'argument': truncation from 'double' to 'GLfloat'
C:\Users\Trinh Toi - HaUI\Documents\HaUI-Learning\ĐHMT\BTL\Nhom1_CuaHangMayBayDoChoi\GLSLExperiment\example1.cpp(529,36): warning C4305: 'argument': truncation from 'double' to 'const GLfloat'
C:\Users\Trinh Toi - HaUI\Documents\HaUI-Learning\ĐHMT\BTL\Nhom1_CuaHangMayBayDoChoi\GLSLExperiment\example1.cpp(529,27): warning C4305: 'argument': truncation from 'double' to 'const GLfloat'
C:\Users\Trinh Toi - HaUI\Documents\HaUI-Learning\ĐHMT\BTL\Nhom1_CuaHangMayBayDoChoi\GLSLExperiment\example1.cpp(530,20): warning C4244: 'argument': conversion from 'GLint' to 'GLfloat', possible loss of data
C:\Users\Trinh Toi - HaUI\Documents\HaUI-Learning\ĐHMT\BTL\Nhom1_CuaHangMayBayDoChoi\GLSLExperiment\example1.cpp(530,17): warning C4244: 'argument': conversion from 'GLint' to 'GLfloat', possible loss of data
C:\Users\Trinh Toi - HaUI\Documents\HaUI-Learning\ĐHMT\BTL\Nhom1_CuaHangMayBayDoChoi\GLSLExperiment\example1.cpp(530,14): warning C4244: 'argument': conversion from 'GLint' to 'GLfloat', possible loss of data
C:\Users\Trinh Toi - HaUI\Documents\HaUI-Learning\ĐHMT\BTL\Nhom1_CuaHangMayBayDoChoi\GLSLExperiment\example1.cpp(531,20): warning C4305: 'argument': truncation from 'double' to 'GLfloat'
C:\Users\Trinh Toi - HaUI\Documents\HaUI-Learning\ĐHMT\BTL\Nhom1_CuaHangMayBayDoChoi\GLSLExperiment\example1.cpp(531,14): warning C4305: 'argument': truncation from 'double' to 'GLfloat'
C:\Users\Trinh Toi - HaUI\Documents\HaUI-Learning\ĐHMT\BTL\Nhom1_CuaHangMayBayDoChoi\GLSLExperiment\example1.cpp(531,9): warning C4305: 'argument': truncation from 'double' to 'GLfloat'
C:\Users\Trinh Toi - HaUI\Documents\HaUI-Learning\ĐHMT\BTL\Nhom1_CuaHangMayBayDoChoi\GLSLExperiment\example1.cpp(537,31): warning C4305: 'argument': truncation from 'double' to 'const GLfloat'
C:\Users\Trinh Toi - HaUI\Documents\HaUI-Learning\ĐHMT\BTL\Nhom1_CuaHangMayBayDoChoi\GLSLExperiment\example1.cpp(539,31): warning C4305: 'argument': truncation from 'double' to 'const GLfloat'
C:\Users\Trinh Toi - HaUI\Documents\HaUI-Learning\ĐHMT\BTL\Nhom1_CuaHangMayBayDoChoi\GLSLExperiment\example1.cpp(541,31): warning C4305: 'argument': truncation from 'double' to 'const GLfloat'
C:\Users\Trinh Toi - HaUI\Documents\HaUI-Learning\ĐHMT\BTL\Nhom1_CuaHangMayBayDoChoi\GLSLExperiment\example1.cpp(544,31): warning C4305: 'argument': truncation from 'double' to 'const GLfloat'
C:\Users\Trinh Toi - HaUI\Documents\HaUI-Learning\ĐHMT\BTL\Nhom1_CuaHangMayBayDoChoi\GLSLExperiment\example1.cpp(546,31): warning C4305: 'argument': truncation from 'double' to 'const GLfloat'
C:\Users\Trinh Toi - HaUI\Documents\HaUI-Learning\ĐHMT\BTL\Nhom1_CuaHangMayBayDoChoi\GLSLExperiment\example1.cpp(548,31): warning C4305: 'argument': truncation from 'double' to 'const GLfloat'
C:\Users\Trinh Toi - HaUI\Documents\HaUI-Learning\ĐHMT\BTL\Nhom1_CuaHangMayBayDoChoi\GLSLExperiment\example1.cpp(551,32): warning C4305: 'argument': truncation from 'double' to 'const GLfloat'
C:\Users\Trinh Toi - HaUI\Documents\HaUI-Learning\ĐHMT\BTL\Nhom1_CuaHangMayBayDoChoi\GLSLExperiment\example1.cpp(553,32): warning C4305: 'argument': truncation from 'double' to 'const GLfloat'
C:\Users\Trinh Toi - HaUI\Documents\HaUI-Learning\ĐHMT\BTL\Nhom1_CuaHangMayBayDoChoi\GLSLExperiment\example1.cpp(555,32): warning C4305: 'argument': truncation from 'double' to 'const GLfloat'
C:\Users\Trinh Toi - HaUI\Documents\HaUI-Learning\ĐHMT\BTL\Nhom1_CuaHangMayBayDoChoi\GLSLExperiment\example1.cpp(575,29): warning C4305: 'argument': truncation from 'double' to 'const GLfloat'
C:\Users\Trinh Toi - HaUI\Documents\HaUI-Learning\ĐHMT\BTL\Nhom1_CuaHangMayBayDoChoi\GLSLExperiment\example1.cpp(577,34): warning C4305: 'argument': truncation from 'double' to 'const GLfloat'
C:\Users\Trinh Toi - HaUI\Documents\HaUI-Learning\ĐHMT\BTL\Nhom1_CuaHangMayBayDoChoi\GLSLExperiment\example1.cpp(577,29): warning C4305: 'argument': truncation from 'double' to 'const GLfloat'
C:\Users\Trinh Toi - HaUI\Documents\HaUI-Learning\ĐHMT\BTL\Nhom1_CuaHangMayBayDoChoi\GLSLExperiment\example1.cpp(581,37): warning C4305: 'argument': truncation from 'double' to 'const GLfloat'
C:\Users\Trinh Toi - HaUI\Documents\HaUI-Learning\ĐHMT\BTL\Nhom1_CuaHangMayBayDoChoi\GLSLExperiment\example1.cpp(581,29): warning C4305: 'argument': truncation from 'double' to 'const GLfloat'
C:\Users\Trinh Toi - HaUI\Documents\HaUI-Learning\ĐHMT\BTL\Nhom1_CuaHangMayBayDoChoi\GLSLExperiment\example1.cpp(583,37): warning C4305: 'argument': truncation from 'double' to 'const GLfloat'
C:\Users\Trinh Toi - HaUI\Documents\HaUI-Learning\ĐHMT\BTL\Nhom1_CuaHangMayBayDoChoi\GLSLExperiment\example1.cpp(583,29): warning C4305: 'argument': truncation from 'double' to 'const GLfloat'
C:\Users\Trinh Toi - HaUI\Documents\HaUI-Learning\ĐHMT\BTL\Nhom1_CuaHangMayBayDoChoi\GLSLExperiment\example1.cpp(585,37): warning C4305: 'argument': truncation from 'double' to 'const GLfloat'
C:\Users\Trinh Toi - HaUI\Documents\HaUI-Learning\ĐHMT\BTL\Nhom1_CuaHangMayBayDoChoi\GLSLExperiment\example1.cpp(585,29): warning C4305: 'argument': truncation from 'double' to 'const GLfloat'
C:\Users\Trinh Toi - HaUI\Documents\HaUI-Learning\ĐHMT\BTL\Nhom1_CuaHangMayBayDoChoi\GLSLExperiment\example1.cpp(587,38): warning C4305: 'argument': truncation from 'double' to 'const GLfloat'
C:\Users\Trinh Toi - HaUI\Documents\HaUI-Learning\ĐHMT\BTL\Nhom1_CuaHangMayBayDoChoi\GLSLExperiment\example1.cpp(587,29): warning C4305: 'argument': truncation from 'double' to 'const GLfloat'
C:\Users\Trinh Toi - HaUI\Documents\HaUI-Learning\ĐHMT\BTL\Nhom1_CuaHangMayBayDoChoi\GLSLExperiment\example1.cpp(589,38): warning C4305: 'argument': truncation from 'double' to 'const GLfloat'
C:\Users\Trinh Toi - HaUI\Documents\HaUI-Learning\ĐHMT\BTL\Nhom1_CuaHangMayBayDoChoi\GLSLExperiment\example1.cpp(589,29): warning C4305: 'argument': truncation from 'double' to 'const GLfloat'
C:\Users\Trinh Toi - HaUI\Documents\HaUI-Learning\ĐHMT\BTL\Nhom1_CuaHangMayBayDoChoi\GLSLExperiment\example1.cpp(591,38): warning C4305: 'argument': truncation from 'double' to 'const GLfloat'
C:\Users\Trinh Toi - HaUI\Documents\HaUI-Learning\ĐHMT\BTL\Nhom1_CuaHangMayBayDoChoi\GLSLExperiment\example1.cpp(591,29): warning C4305: 'argument': truncation from 'double' to 'const GLfloat'
C:\Users\Trinh Toi - HaUI\Documents\HaUI-Learning\ĐHMT\BTL\Nhom1_CuaHangMayBayDoChoi\GLSLExperiment\example1.cpp(594,36): warning C4305: 'argument': truncation from 'double' to 'const GLfloat'
C:\Users\Trinh Toi - HaUI\Documents\HaUI-Learning\ĐHMT\BTL\Nhom1_CuaHangMayBayDoChoi\GLSLExperiment\example1.cpp(594,28): warning C4305: 'argument': truncation from 'double' to 'const GLfloat'
C:\Users\Trinh Toi - HaUI\Documents\HaUI-Learning\ĐHMT\BTL\Nhom1_CuaHangMayBayDoChoi\GLSLExperiment\example1.cpp(596,36): warning C4305: 'argument': truncation from 'double' to 'const GLfloat'
C:\Users\Trinh Toi - HaUI\Documents\HaUI-Learning\ĐHMT\BTL\Nhom1_CuaHangMayBayDoChoi\GLSLExperiment\example1.cpp(596,28): warning C4305: 'argument': truncation from 'double' to 'const GLfloat'
C:\Users\Trinh Toi - HaUI\Documents\HaUI-Learning\ĐHMT\BTL\Nhom1_CuaHangMayBayDoChoi\GLSLExperiment\example1.cpp(598,36): warning C4305: 'argument': truncation from 'double' to 'const GLfloat'
C:\Users\Trinh Toi - HaUI\Documents\HaUI-Learning\ĐHMT\BTL\Nhom1_CuaHangMayBayDoChoi\GLSLExperiment\example1.cpp(598,28): warning C4305: 'argument': truncation from 'double' to 'const GLfloat'
C:\Users\Trinh Toi - HaUI\Documents\HaUI-Learning\ĐHMT\BTL\Nhom1_CuaHangMayBayDoChoi\GLSLExperiment\example1.cpp(600,37): warning C4305: 'argument': truncation from 'double' to 'const GLfloat'
C:\Users\Trinh Toi - HaUI\Documents\HaUI-Learning\ĐHMT\BTL\Nhom1_CuaHangMayBayDoChoi\GLSLExperiment\example1.cpp(600,28): warning C4305: 'argument': truncation from 'double' to 'const GLfloat'
C:\Users\Trinh Toi - HaUI\Documents\HaUI-Learning\ĐHMT\BTL\Nhom1_CuaHangMayBayDoChoi\GLSLExperiment\example1.cpp(602,37): warning C4305: 'argument': truncation from 'double' to 'const GLfloat'
C:\Users\Trinh Toi - HaUI\Documents\HaUI-Learning\ĐHMT\BTL\Nhom1_CuaHangMayBayDoChoi\GLSLExperiment\example1.cpp(602,28): warning C4305: 'argument': truncation from 'double' to 'const GLfloat'
C:\Users\Trinh Toi - HaUI\Documents\HaUI-Learning\ĐHMT\BTL\Nhom1_CuaHangMayBayDoChoi\GLSLExperiment\example1.cpp(604,37): warning C4305: 'argument': truncation from 'double' to 'const GLfloat'
C:\Users\Trinh Toi - HaUI\Documents\HaUI-Learning\ĐHMT\BTL\Nhom1_CuaHangMayBayDoChoi\GLSLExperiment\example1.cpp(604,28): warning C4305: 'argument': truncation from 'double' to 'const GLfloat'
C:\Users\Trinh Toi - HaUI\Documents\HaUI-Learning\ĐHMT\BTL\Nhom1_CuaHangMayBayDoChoi\GLSLExperiment\example1.cpp(607,36): warning C4305: 'argument': truncation from 'double' to 'const GLfloat'
C:\Users\Trinh Toi - HaUI\Documents\HaUI-Learning\ĐHMT\BTL\Nhom1_CuaHangMayBayDoChoi\GLSLExperiment\example1.cpp(607,28): warning C4305: 'argument': truncation from 'double' to 'const GLfloat'
C:\Users\Trinh Toi - HaUI\Documents\HaUI-Learning\ĐHMT\BTL\Nhom1_CuaHangMayBayDoChoi\GLSLExperiment\example1.cpp(609,36): warning C4305: 'argument': truncation from 'double' to 'const GLfloat'
C:\Users\Trinh Toi - HaUI\Documents\HaUI-Learning\ĐHMT\BTL\Nhom1_CuaHangMayBayDoChoi\GLSLExperiment\example1.cpp(609,28): warning C4305: 'argument': truncation from 'double' to 'const GLfloat'
C:\Users\Trinh Toi - HaUI\Documents\HaUI-Learning\ĐHMT\BTL\Nhom1_CuaHangMayBayDoChoi\GLSLExperiment\example1.cpp(611,36): warning C4305: 'argument': truncation from 'double' to 'const GLfloat'
C:\Users\Trinh Toi - HaUI\Documents\HaUI-Learning\ĐHMT\BTL\Nhom1_CuaHangMayBayDoChoi\GLSLExperiment\example1.cpp(611,28): warning C4305: 'argument': truncation from 'double' to 'const GLfloat'
C:\Users\Trinh Toi - HaUI\Documents\HaUI-Learning\ĐHMT\BTL\Nhom1_CuaHangMayBayDoChoi\GLSLExperiment\example1.cpp(613,37): warning C4305: 'argument': truncation from 'double' to 'const GLfloat'
C:\Users\Trinh Toi - HaUI\Documents\HaUI-Learning\ĐHMT\BTL\Nhom1_CuaHangMayBayDoChoi\GLSLExperiment\example1.cpp(613,28): warning C4305: 'argument': truncation from 'double' to 'const GLfloat'
C:\Users\Trinh Toi - HaUI\Documents\HaUI-Learning\ĐHMT\BTL\Nhom1_CuaHangMayBayDoChoi\GLSLExperiment\example1.cpp(615,37): warning C4305: 'argument': truncation from 'double' to 'const GLfloat'
C:\Users\Trinh Toi - HaUI\Documents\HaUI-Learning\ĐHMT\BTL\Nhom1_CuaHangMayBayDoChoi\GLSLExperiment\example1.cpp(615,28): warning C4305: 'argument': truncation from 'double' to 'const GLfloat'
C:\Users\Trinh Toi - HaUI\Documents\HaUI-Learning\ĐHMT\BTL\Nhom1_CuaHangMayBayDoChoi\GLSLExperiment\example1.cpp(617,37): warning C4305: 'argument': truncation from 'double' to 'const GLfloat'
C:\Users\Trinh Toi - HaUI\Documents\HaUI-Learning\ĐHMT\BTL\Nhom1_CuaHangMayBayDoChoi\GLSLExperiment\example1.cpp(617,28): warning C4305: 'argument': truncation from 'double' to 'const GLfloat'
C:\Users\Trinh Toi - HaUI\Documents\HaUI-Learning\ĐHMT\BTL\Nhom1_CuaHangMayBayDoChoi\GLSLExperiment\example1.cpp(636,42): warning C4244: 'argument': conversion from 'GLdouble' to 'const GLfloat', possible loss of data
C:\Users\Trinh Toi - HaUI\Documents\HaUI-Learning\ĐHMT\BTL\Nhom1_CuaHangMayBayDoChoi\GLSLExperiment\example1.cpp(636,33): warning C4244: 'argument': conversion from 'GLdouble' to 'const GLfloat', possible loss of data
C:\Users\Trinh Toi - HaUI\Documents\HaUI-Learning\ĐHMT\BTL\Nhom1_CuaHangMayBayDoChoi\GLSLExperiment\example1.cpp(636,24): warning C4244: 'argument': conversion from 'GLdouble' to 'const GLfloat', possible loss of data
C:\Users\Trinh Toi - HaUI\Documents\HaUI-Learning\ĐHMT\BTL\Nhom1_CuaHangMayBayDoChoi\GLSLExperiment\example1.cpp(636,61): warning C4244: 'argument': conversion from 'GLdouble' to 'const GLfloat', possible loss of data
C:\Users\Trinh Toi - HaUI\Documents\HaUI-Learning\ĐHMT\BTL\Nhom1_CuaHangMayBayDoChoi\GLSLExperiment\example1.cpp(664,18): warning C4305: '+=': truncation from 'double' to 'GLfloat'
C:\Users\Trinh Toi - HaUI\Documents\HaUI-Learning\ĐHMT\BTL\Nhom1_CuaHangMayBayDoChoi\GLSLExperiment\example1.cpp(669,18): warning C4305: '-=': truncation from 'double' to 'GLfloat'
C:\Users\Trinh Toi - HaUI\Documents\HaUI-Learning\ĐHMT\BTL\Nhom1_CuaHangMayBayDoChoi\GLSLExperiment\example1.cpp(699,17): warning C4305: '+=': truncation from 'double' to 'GLfloat'
C:\Users\Trinh Toi - HaUI\Documents\HaUI-Learning\ĐHMT\BTL\Nhom1_CuaHangMayBayDoChoi\GLSLExperiment\example1.cpp(706,18): warning C4305: '-=': truncation from 'double' to 'GLfloat'
C:\Users\Trinh Toi - HaUI\Documents\HaUI-Learning\ĐHMT\BTL\Nhom1_CuaHangMayBayDoChoi\GLSLExperiment\example1.cpp(713,18): warning C4305: '+=': truncation from 'double' to 'GLfloat'
C:\Users\Trinh Toi - HaUI\Documents\HaUI-Learning\ĐHMT\BTL\Nhom1_CuaHangMayBayDoChoi\GLSLExperiment\example1.cpp(736,17): warning C4305: '=': truncation from 'double' to 'GLfloat'
  Generating Code...
example1.obj : warning LNK4075: ignoring '/EDITANDCONTINUE' due to '/SAFESEH' specification
  GLSLExperiment.vcxproj -> C:\Users\Trinh Toi - HaUI\Documents\HaUI-Learning\ĐHMT\BTL\Nhom1_CuaHangMayBayDoChoi\Debug\GLSLExperiment.exe
